{
  "RSpec": {
    "coverage": {
      "/Users/christoplisek/Projects_Makers/Solo_Projects/bowling-challenge-ruby/spec/score_card_spec.rb": {
        "lines": [
          1,
          null,
          1,
          null,
          1,
          1,
          1,
          null,
          1,
          1,
          null,
          null,
          null,
          1,
          1,
          1,
          null,
          1,
          1,
          1,
          1,
          null,
          null,
          null,
          1,
          1,
          1,
          null,
          1,
          1,
          1,
          1,
          null,
          null,
          1,
          1,
          null,
          1,
          1,
          1,
          null,
          null,
          1,
          1,
          null,
          1,
          1,
          1,
          1,
          1,
          1,
          null,
          null,
          null
        ]
      },
      "/Users/christoplisek/Projects_Makers/Solo_Projects/bowling-challenge-ruby/lib/score_card.rb": {
        "lines": [
          1,
          1,
          5,
          5,
          5,
          null,
          null,
          1,
          10,
          null,
          null,
          1,
          6,
          6,
          null,
          null,
          1,
          3,
          null,
          null,
          1,
          0,
          0,
          null,
          null,
          null,
          null,
          null
        ]
      },
      "/Users/christoplisek/Projects_Makers/Solo_Projects/bowling-challenge-ruby/spec/score_entry_spec.rb": {
        "lines": [
          1,
          null,
          1,
          1,
          1,
          1,
          1,
          null,
          null,
          1,
          1,
          1,
          null,
          null,
          null,
          1,
          1,
          1,
          1,
          null,
          null,
          1,
          1,
          1,
          null,
          null,
          null
        ]
      },
      "/Users/christoplisek/Projects_Makers/Solo_Projects/bowling-challenge-ruby/lib/score_entry.rb": {
        "lines": [
          1,
          1,
          4,
          4,
          null,
          null,
          1,
          2,
          null,
          null,
          1,
          2,
          null,
          null
        ]
      },
      "/Users/christoplisek/Projects_Makers/Solo_Projects/bowling-challenge-ruby/spec/score_total_spec.rb": {
        "lines": [
          1,
          null,
          1,
          1,
          1,
          1,
          null,
          1,
          null,
          null,
          1,
          1,
          null,
          1,
          null,
          null,
          1,
          1,
          null,
          1,
          null,
          null,
          null,
          1,
          1,
          1,
          1,
          1,
          null,
          null,
          1,
          1,
          1,
          1,
          null,
          null,
          1,
          1,
          1,
          1,
          null,
          null,
          1,
          1,
          1,
          1,
          null,
          null,
          null,
          1,
          1,
          1,
          1,
          1,
          1,
          null,
          null,
          null,
          1,
          1,
          1,
          1,
          1,
          1,
          null,
          null,
          null,
          null,
          null,
          null
        ]
      },
      "/Users/christoplisek/Projects_Makers/Solo_Projects/bowling-challenge-ruby/lib/score_total.rb": {
        "lines": [
          1,
          null,
          1,
          9,
          null,
          null,
          1,
          9,
          52,
          32,
          32,
          25,
          6,
          null,
          19,
          null,
          null,
          null,
          null,
          null,
          9,
          null,
          null,
          1,
          6,
          38,
          5,
          5,
          5,
          4,
          4,
          null,
          1,
          1,
          null,
          null,
          null,
          null,
          null,
          6,
          null,
          null,
          1,
          1,
          null,
          null,
          1,
          1,
          null,
          null
        ]
      }
    },
    "timestamp": 1682272814
  }
}
